<?xml version="1.0" encoding="UTF-8"?>
<coverage generated="1605552969524" clover="3.2.0">
  <project timestamp="1605552969524" name="All files">
    <metrics statements="24" coveredstatements="11" conditionals="0" coveredconditionals="0" methods="11" coveredmethods="1" elements="35" coveredelements="12" complexity="0" loc="24" ncloc="24" packages="1" files="5" classes="5"/>
    <file name="App.jsx" path="/Users/annie/Desktop/hackreactor/info-service/client/components/App.jsx">
      <metrics statements="15" coveredstatements="7" conditionals="0" coveredconditionals="0" methods="6" coveredmethods="1"/>
      <line num="7" count="1" type="stmt"/>
      <line num="9" count="1" type="stmt"/>
      <line num="10" count="7" type="stmt"/>
      <line num="12" count="7" type="stmt"/>
      <line num="13" count="0" type="stmt"/>
      <line num="14" count="0" type="stmt"/>
      <line num="17" count="7" type="stmt"/>
      <line num="18" count="0" type="stmt"/>
      <line num="20" count="0" type="stmt"/>
      <line num="21" count="0" type="stmt"/>
      <line num="24" count="0" type="stmt"/>
      <line num="28" count="7" type="stmt"/>
      <line num="29" count="0" type="stmt"/>
      <line num="30" count="0" type="stmt"/>
      <line num="33" count="7" type="stmt"/>
    </file>
    <file name="BedInfos.jsx" path="/Users/annie/Desktop/hackreactor/info-service/client/components/BedInfos.jsx">
      <metrics statements="3" coveredstatements="1" conditionals="0" coveredconditionals="0" methods="2" coveredmethods="0"/>
      <line num="3" count="1" type="stmt"/>
      <line num="4" count="0" type="stmt"/>
      <line num="5" count="0" type="stmt"/>
    </file>
    <file name="Description.jsx" path="/Users/annie/Desktop/hackreactor/info-service/client/components/Description.jsx">
      <metrics statements="2" coveredstatements="1" conditionals="0" coveredconditionals="0" methods="1" coveredmethods="0"/>
      <line num="3" count="1" type="stmt"/>
      <line num="5" count="0" type="stmt"/>
    </file>
    <file name="LodgeHeader.jsx" path="/Users/annie/Desktop/hackreactor/info-service/client/components/LodgeHeader.jsx">
      <metrics statements="2" coveredstatements="1" conditionals="0" coveredconditionals="0" methods="1" coveredmethods="0"/>
      <line num="3" count="1" type="stmt"/>
      <line num="6" count="0" type="stmt"/>
    </file>
    <file name="QuickInfo.jsx" path="/Users/annie/Desktop/hackreactor/info-service/client/components/QuickInfo.jsx">
      <metrics statements="2" coveredstatements="1" conditionals="0" coveredconditionals="0" methods="1" coveredmethods="0"/>
      <line num="3" count="1" type="stmt"/>
      <line num="4" count="0" type="stmt"/>
    </file>
  </project>
</coverage>
